<?xml version="1.0" encoding="UTF-8"?>
<testsuite name="com.DesignPatternGenerator.PatternBuilderTest" tests="5" skipped="0" failures="0" errors="0" timestamp="2020-02-27T06:16:21" hostname="DESKTOP-QU40S7S" time="0.303">
  <properties/>
  <testcase name="verifyProductName" classname="com.DesignPatternGenerator.PatternBuilderTest" time="0.301"/>
  <testcase name="verifyProductType" classname="com.DesignPatternGenerator.PatternBuilderTest" time="0.0"/>
  <testcase name="verifyClassName" classname="com.DesignPatternGenerator.PatternBuilderTest" time="0.0"/>
  <testcase name="verifyPackName" classname="com.DesignPatternGenerator.PatternBuilderTest" time="0.0"/>
  <testcase name="verifyPatternName" classname="com.DesignPatternGenerator.PatternBuilderTest" time="0.0"/>
  <system-out><![CDATA[00:16:21,950 |-INFO in ch.qos.logback.classic.LoggerContext[default] - Could NOT find resource [logback-test.xml]
00:16:21,951 |-INFO in ch.qos.logback.classic.LoggerContext[default] - Could NOT find resource [logback.groovy]
00:16:21,952 |-INFO in ch.qos.logback.classic.LoggerContext[default] - Found resource [logback.xml] at [file:/C:/Users/c_dia/IdeaProjects/Caglar_Kurtkaya_hw1/build/resources/main/logback.xml]
00:16:22,088 |-INFO in ch.qos.logback.classic.model.processor.LoggerModelHandler@325ff14c - Setting level of logger [com.DesignPatternGenerator] to DEBUG
00:16:22,088 |-INFO in ch.qos.logback.classic.model.processor.LoggerModelHandler@325ff14c - Setting additivity of logger [com.DesignPatternGenerator] to false
00:16:22,089 |-INFO in ch.qos.logback.classic.model.processor.RootLoggerModelHandler@28da9c2c - Setting level of ROOT logger to DEBUG
00:16:22,089 |-INFO in ch.qos.logback.core.model.processor.AppenderModelHandler@4ea2a1b7 - Processing appender named [CONSOLE]
00:16:22,089 |-INFO in ch.qos.logback.core.model.processor.AppenderModelHandler@4ea2a1b7 - About to instantiate appender of type [ch.qos.logback.core.ConsoleAppender]
00:16:22,175 |-WARN in ch.qos.logback.core.ConsoleAppender[CONSOLE] - This appender no longer admits a layout as a sub-component, set an encoder instead.
00:16:22,175 |-WARN in ch.qos.logback.core.ConsoleAppender[CONSOLE] - To ensure compatibility, wrapping your layout in LayoutWrappingEncoder.
00:16:22,175 |-WARN in ch.qos.logback.core.ConsoleAppender[CONSOLE] - See also http://logback.qos.ch/codes.html#layoutInsteadOfEncoder for details
00:16:22,175 |-INFO in ch.qos.logback.core.model.processor.AppenderModelHandler@4ea2a1b7 - Attaching appender [CONSOLE] to Logger[ROOT]
00:16:22,176 |-INFO in ch.qos.logback.core.model.processor.DefaultProcessor@5dcdf7bb - End of configuration.
00:16:22,177 |-INFO in ch.qos.logback.classic.joran.JoranConfigurator@1055b8df - Registering current configuration as safe fallback point

]]></system-out>
  <system-err><![CDATA[]]></system-err>
</testsuite>
